[    0.000000] Linux version 4.15.0-122-generic (buildd@lgw01-amd64-036) (gcc version 7.5.0 (Ubuntu 7.5.0-3ubuntu1~18.04)) #124-Ubuntu SMP Thu Oct 15 13:03:05 UTC 2020 (Ubuntu 4.15.0-122.124-generic 4.15.18)
[    0.000000] Command line: BOOT_IMAGE=/boot/vmlinuz-4.15.0-122-generic root=LABEL=cloudimg-rootfs ro console=tty1 console=ttyS0
[    0.000000] KERNEL supported cpus:
[    0.000000]   Intel GenuineIntel
[    0.000000]   AMD AuthenticAMD
[    0.000000]   Centaur CentaurHauls
[    0.000000] x86/fpu: Supporting XSAVE feature 0x001: 'x87 floating point registers'
[    0.000000] x86/fpu: Supporting XSAVE feature 0x002: 'SSE registers'
[    0.000000] x86/fpu: Supporting XSAVE feature 0x004: 'AVX registers'
[    0.000000] x86/fpu: xstate_offset[2]:  576, xstate_sizes[2]:  256
[    0.000000] x86/fpu: Enabled xstate features 0x7, context size is 832 bytes, using 'standard' format.
[    0.000000] e820: BIOS-provided physical RAM map:
[    0.000000] BIOS-e820: [mem 0x0000000000000000-0x000000000009fbff] usable
[    0.000000] BIOS-e820: [mem 0x000000000009fc00-0x000000000009ffff] reserved
[    0.000000] BIOS-e820: [mem 0x00000000000f0000-0x00000000000fffff] reserved
[    0.000000] BIOS-e820: [mem 0x0000000000100000-0x000000003ffeffff] usable
[    0.000000] BIOS-e820: [mem 0x000000003fff0000-0x000000003fffffff] ACPI data
[    0.000000] BIOS-e820: [mem 0x00000000fec00000-0x00000000fec00fff] reserved
[    0.000000] BIOS-e820: [mem 0x00000000fee00000-0x00000000fee00fff] reserved
[    0.000000] BIOS-e820: [mem 0x00000000fffc0000-0x00000000ffffffff] reserved
[    0.000000] NX (Execute Disable) protection: active
[    0.000000] SMBIOS 2.5 present.
[    0.000000] DMI: innotek GmbH VirtualBox/VirtualBox, BIOS VirtualBox 12/01/2006
[    0.000000] Hypervisor detected: KVM
[    0.000000] e820: last_pfn = 0x3fff0 max_arch_pfn = 0x400000000
[    0.000000] MTRR: Disabled
[    0.000000] x86/PAT: MTRRs disabled, skipping PAT initialization too.
[    0.000000] CPU MTRRs all blank - virtualized system.
[    0.000000] x86/PAT: Configuration [0-7]: WB  WT  UC- UC  WB  WT  UC- UC  
[    0.000000] found SMP MP-table at [mem 0x0009fff0-0x0009ffff]
[    0.000000] Scanning 1 areas for low memory corruption
[    0.000000] RAMDISK: [mem 0x35a65000-0x36d29fff]
[    0.000000] ACPI: Early table checksum verification disabled
[    0.000000] ACPI: RSDP 0x00000000000E0000 000024 (v02 VBOX  )
[    0.000000] ACPI: XSDT 0x000000003FFF0030 00003C (v01 VBOX   VBOXXSDT 00000001 ASL  00000061)
[    0.000000] ACPI: FACP 0x000000003FFF00F0 0000F4 (v04 VBOX   VBOXFACP 00000001 ASL  00000061)
[    0.000000] ACPI: DSDT 0x000000003FFF0470 002325 (v02 VBOX   VBOXBIOS 00000002 INTL 20120111)
[    0.000000] ACPI: FACS 0x000000003FFF0200 000040
[    0.000000] ACPI: FACS 0x000000003FFF0200 000040
[    0.000000] ACPI: APIC 0x000000003FFF0240 00005C (v02 VBOX   VBOXAPIC 00000001 ASL  00000061)
[    0.000000] ACPI: SSDT 0x000000003FFF02A0 0001CC (v01 VBOX   VBOXCPUT 00000002 INTL 20120111)
[    0.000000] No NUMA configuration found
[    0.000000] Faking a node at [mem 0x0000000000000000-0x000000003ffeffff]
[    0.000000] NODE_DATA(0) allocated [mem 0x3ffc5000-0x3ffeffff]
[    0.000000] kvm-clock: cpu 0, msr 0:3ff44001, primary cpu clock
[    0.000000] kvm-clock: Using msrs 4b564d01 and 4b564d00
[    0.000000] kvm-clock: using sched offset of 6088169605 cycles
[    0.000000] clocksource: kvm-clock: mask: 0xffffffffffffffff max_cycles: 0x1cd42e4dffb, max_idle_ns: 881590591483 ns
[    0.000000] Zone ranges:
[    0.000000]   DMA      [mem 0x0000000000001000-0x0000000000ffffff]
[    0.000000]   DMA32    [mem 0x0000000001000000-0x000000003ffeffff]
[    0.000000]   Normal   empty
[    0.000000]   Device   empty
[    0.000000] Movable zone start for each node
[    0.000000] Early memory node ranges
[    0.000000]   node   0: [mem 0x0000000000001000-0x000000000009efff]
[    0.000000]   node   0: [mem 0x0000000000100000-0x000000003ffeffff]
[    0.000000] Reserved but unavailable: 98 pages
[    0.000000] Initmem setup node 0 [mem 0x0000000000001000-0x000000003ffeffff]
[    0.000000] ACPI: PM-Timer IO Port: 0x4008
[    0.000000] IOAPIC[0]: apic_id 2, version 32, address 0xfec00000, GSI 0-23
[    0.000000] ACPI: INT_SRC_OVR (bus 0 bus_irq 0 global_irq 2 dfl dfl)
[    0.000000] ACPI: INT_SRC_OVR (bus 0 bus_irq 9 global_irq 9 low level)
[    0.000000] Using ACPI (MADT) for SMP configuration information
[    0.000000] smpboot: Allowing 2 CPUs, 0 hotplug CPUs
[    0.000000] PM: Registered nosave memory: [mem 0x00000000-0x00000fff]
[    0.000000] PM: Registered nosave memory: [mem 0x0009f000-0x0009ffff]
[    0.000000] PM: Registered nosave memory: [mem 0x000a0000-0x000effff]
[    0.000000] PM: Registered nosave memory: [mem 0x000f0000-0x000fffff]
[    0.000000] e820: [mem 0x40000000-0xfebfffff] available for PCI devices
[    0.000000] Booting paravirtualized kernel on KVM
[    0.000000] clocksource: refined-jiffies: mask: 0xffffffff max_cycles: 0xffffffff, max_idle_ns: 7645519600211568 ns
[    0.000000] random: get_random_bytes called from start_kernel+0x99/0x500 with crng_init=0
[    0.000000] setup_percpu: NR_CPUS:8192 nr_cpumask_bits:2 nr_cpu_ids:2 nr_node_ids:1
[    0.000000] percpu: Embedded 45 pages/cpu s147456 r8192 d28672 u1048576
[    0.000000] PV qspinlock hash table entries: 256 (order: 0, 4096 bytes)
[    0.000000] Built 1 zonelists, mobility grouping on.  Total pages: 257913
[    0.000000] Policy zone: DMA32
[    0.000000] Kernel command line: BOOT_IMAGE=/boot/vmlinuz-4.15.0-122-generic root=LABEL=cloudimg-rootfs ro console=tty1 console=ttyS0
[    0.000000] Memory: 983028K/1048120K available (12300K kernel code, 2482K rwdata, 4272K rodata, 2436K init, 2724K bss, 65092K reserved, 0K cma-reserved)
[    0.000000] SLUB: HWalign=64, Order=0-3, MinObjects=0, CPUs=2, Nodes=1
[    0.000000] Kernel/User page tables isolation: enabled
[    0.000000] ftrace: allocating 39402 entries in 154 pages
[    0.004000] Hierarchical RCU implementation.
[    0.004000] 	RCU restricting CPUs from NR_CPUS=8192 to nr_cpu_ids=2.
[    0.004000] 	Tasks RCU enabled.
[    0.004000] RCU: Adjusting geometry for rcu_fanout_leaf=16, nr_cpu_ids=2
[    0.004000] NR_IRQS: 524544, nr_irqs: 440, preallocated irqs: 16
[    0.004000] Console: colour VGA+ 80x25
[    0.004000] console [tty1] enabled
[    0.004000] console [ttyS0] enabled
[    0.004000] ACPI: Core revision 20170831
[    0.004000] ACPI: 2 ACPI AML tables successfully acquired and loaded
[    0.004000] APIC: Switch to symmetric I/O mode setup
[    0.004000] x2apic enabled
[    0.004000] Switched APIC routing to physical x2apic.
[    0.005313] ..TIMER: vector=0x30 apic1=0 pin1=2 apic2=-1 pin2=-1
[    0.008003] tsc: Detected 2711.998 MHz processor
[    0.012013] Calibrating delay loop (skipped) preset value.. 5423.99 BogoMIPS (lpj=10847992)
[    0.014415] pid_max: default: 32768 minimum: 301
[    0.016042] Security Framework initialized
[    0.017300] Yama: becoming mindful.
[    0.018532] AppArmor: AppArmor initialized
[    0.021591] Dentry cache hash table entries: 131072 (order: 8, 1048576 bytes)
[    0.024086] Inode-cache hash table entries: 65536 (order: 7, 524288 bytes)
[    0.026633] Mount-cache hash table entries: 2048 (order: 2, 16384 bytes)
[    0.028008] Mountpoint-cache hash table entries: 2048 (order: 2, 16384 bytes)
[    0.032311] Last level iTLB entries: 4KB 64, 2MB 8, 4MB 8
[    0.033902] Last level dTLB entries: 4KB 64, 2MB 0, 4MB 0, 1GB 4
[    0.035567] Spectre V1 : Mitigation: usercopy/swapgs barriers and __user pointer sanitization
[    0.036004] Spectre V2 : Mitigation: Full generic retpoline
[    0.040003] Spectre V2 : Spectre v2 / SpectreRSB mitigation: Filling RSB on context switch
[    0.042471] Speculative Store Bypass: Vulnerable
[    0.044053] SRBDS: Unknown: Dependent on hypervisor status
[    0.045935] MDS: Mitigation: Clear CPU buffers
[    0.048306] Freeing SMP alternatives memory: 36K
[    0.160159] smpboot: CPU0: Intel(R) Core(TM) i7-6820HQ CPU @ 2.70GHz (family: 0x6, model: 0x5e, stepping: 0x3)
[    0.163533] Performance Events: unsupported p6 CPU model 94 no PMU driver, software events only.
[    0.164065] Hierarchical SRCU implementation.
[    0.168779] NMI watchdog: Perf event create on CPU 0 failed with -2
[    0.171546] NMI watchdog: Perf NMI watchdog permanently disabled
[    0.172100] smp: Bringing up secondary CPUs ...
[    0.176107] x86: Booting SMP configuration:
[    0.177761] .... node  #0, CPUs:      #1
[    0.004000] kvm-clock: cpu 1, msr 0:3ff44041, secondary cpu clock
[    0.184051] smp: Brought up 1 node, 2 CPUs
[    0.185701] smpboot: Max logical packages: 1
[    0.187487] smpboot: Total of 2 processors activated (10847.99 BogoMIPS)
[    0.188163] devtmpfs: initialized
[    0.189388] x86/mm: Memory block size: 128MB
[    0.192156] evm: security.selinux
[    0.193480] evm: security.SMACK64
[    0.196005] evm: security.SMACK64EXEC
[    0.197586] evm: security.SMACK64TRANSMUTE
[    0.200004] evm: security.SMACK64MMAP
[    0.201998] evm: security.apparmor
[    0.204004] evm: security.ima
[    0.205316] evm: security.capability
[    0.206545] clocksource: jiffies: mask: 0xffffffff max_cycles: 0xffffffff, max_idle_ns: 7645041785100000 ns
[    0.208017] futex hash table entries: 512 (order: 3, 32768 bytes)
[    0.212044] pinctrl core: initialized pinctrl subsystem
[    0.216168] RTC time: 15:46:13, date: 11/14/20
[    0.218273] NET: Registered protocol family 16
[    0.220119] audit: initializing netlink subsys (disabled)
[    0.224022] audit: type=2000 audit(1605368780.814:1): state=initialized audit_enabled=0 res=1
[    0.227679] cpuidle: using governor ladder
[    0.228014] cpuidle: using governor menu
[    0.229812] ACPI: bus type PCI registered
[    0.232005] acpiphp: ACPI Hot Plug PCI Controller Driver version: 0.5
[    0.234591] PCI: Using configuration type 1 for base access
[    0.240069] HugeTLB registered 2.00 MiB page size, pre-allocated 0 pages
[    0.242948] ACPI: Added _OSI(Module Device)
[    0.244006] ACPI: Added _OSI(Processor Device)
[    0.245729] ACPI: Added _OSI(3.0 _SCP Extensions)
[    0.248003] ACPI: Added _OSI(Processor Aggregator Device)
[    0.250149] ACPI: Added _OSI(Linux-Dell-Video)
[    0.252007] ACPI: Added _OSI(Linux-Lenovo-NV-HDMI-Audio)
[    0.254402] ACPI: Added _OSI(Linux-HPI-Hybrid-Graphics)
[    0.256582] ACPI: Executed 1 blocks of module-level executable AML code
[    0.264939] ACPI: Interpreter enabled
[    0.266601] ACPI: (supports S0 S5)
[    0.268000] ACPI: Using IOAPIC for interrupt routing
[    0.268285] PCI: Using host bridge windows from ACPI; if necessary, use "pci=nocrs" and report a bug
[    0.272298] ACPI: Enabled 2 GPEs in block 00 to 07
[    0.286211] ACPI: PCI Root Bridge [PCI0] (domain 0000 [bus 00-ff])
[    0.288018] acpi PNP0A03:00: _OSC: OS supports [ASPM ClockPM Segments MSI]
[    0.292947] acpi PNP0A03:00: _OSC: not requesting OS control; OS requires [ExtendedConfig ASPM ClockPM MSI]
[    0.296029] acpi PNP0A03:00: fail to add MMCONFIG information, can't access extended PCI configuration space under this bridge.
[    0.300974] PCI host bridge to bus 0000:00
[    0.304008] pci_bus 0000:00: root bus resource [io  0x0000-0x0cf7 window]
[    0.306063] pci_bus 0000:00: root bus resource [io  0x0d00-0xffff window]
[    0.308008] pci_bus 0000:00: root bus resource [mem 0x000a0000-0x000bffff window]
[    0.312010] pci_bus 0000:00: root bus resource [mem 0x40000000-0xfdffffff window]
[    0.316009] pci_bus 0000:00: root bus resource [bus 00-ff]
[    0.322915] pci 0000:00:01.1: legacy IDE quirk: reg 0x10: [io  0x01f0-0x01f7]
[    0.324007] pci 0000:00:01.1: legacy IDE quirk: reg 0x14: [io  0x03f6]
[    0.326179] pci 0000:00:01.1: legacy IDE quirk: reg 0x18: [io  0x0170-0x0177]
[    0.328005] pci 0000:00:01.1: legacy IDE quirk: reg 0x1c: [io  0x0376]
[    0.353776] pci 0000:00:07.0: quirk: [io  0x4000-0x403f] claimed by PIIX4 ACPI
[    0.356053] pci 0000:00:07.0: quirk: [io  0x4100-0x410f] claimed by PIIX4 SMB
[    0.366533] ACPI: PCI Interrupt Link [LNKA] (IRQs 5 9 10 *11)
[    0.368378] ACPI: PCI Interrupt Link [LNKB] (IRQs 5 9 *10 11)
[    0.370179] ACPI: PCI Interrupt Link [LNKC] (IRQs 5 *9 10 11)
[    0.372172] ACPI: PCI Interrupt Link [LNKD] (IRQs 5 9 10 *11)
[    0.374291] SCSI subsystem initialized
[    0.376055] pci 0000:00:02.0: vgaarb: setting as boot VGA device
[    0.377776] pci 0000:00:02.0: vgaarb: VGA device added: decodes=io+mem,owns=io+mem,locks=none
[    0.380006] pci 0000:00:02.0: vgaarb: bridge control possible
[    0.381486] vgaarb: loaded
[    0.382240] ACPI: bus type USB registered
[    0.383253] usbcore: registered new interface driver usbfs
[    0.384013] usbcore: registered new interface driver hub
[    0.385309] usbcore: registered new device driver usb
[    0.388051] EDAC MC: Ver: 3.0.0
[    0.389148] PCI: Using ACPI for IRQ routing
[    0.389441] NetLabel: Initializing
[    0.390314] NetLabel:  domain hash size = 128
[    0.392002] NetLabel:  protocols = UNLABELED CIPSOv4 CALIPSO
[    0.393419] NetLabel:  unlabeled traffic allowed by default
[    0.396090] clocksource: Switched to clocksource kvm-clock
[    0.410640] VFS: Disk quotas dquot_6.6.0
[    0.412071] VFS: Dquot-cache hash table entries: 512 (order 0, 4096 bytes)
[    0.414310] AppArmor: AppArmor Filesystem Enabled
[    0.415695] pnp: PnP ACPI init
[    0.418378] pnp: PnP ACPI: found 3 devices
[    0.429045] clocksource: acpi_pm: mask: 0xffffff max_cycles: 0xffffff, max_idle_ns: 2085701024 ns
[    0.431678] NET: Registered protocol family 2
[    0.433194] TCP established hash table entries: 8192 (order: 4, 65536 bytes)
[    0.435290] TCP bind hash table entries: 8192 (order: 5, 131072 bytes)
[    0.438187] TCP: Hash tables configured (established 8192 bind 8192)
[    0.439728] UDP hash table entries: 512 (order: 2, 16384 bytes)
[    0.441468] UDP-Lite hash table entries: 512 (order: 2, 16384 bytes)
[    0.443110] NET: Registered protocol family 1
[    0.444257] pci 0000:00:00.0: Limiting direct PCI/PCI transfers
[    0.445807] pci 0000:00:01.0: Activating ISA DMA hang workarounds
[    0.447513] pci 0000:00:02.0: Video device with shadowed ROM at [mem 0x000c0000-0x000dffff]
[    0.449671] Unpacking initramfs...
[    0.739660] Freeing initrd memory: 19220K
[    0.741225] clocksource: tsc: mask: 0xffffffffffffffff max_cycles: 0x27178451938, max_idle_ns: 440795251172 ns
[    0.743654] platform rtc_cmos: registered platform RTC device (no PNP device found)
[    0.745668] Scanning for low memory corruption every 60 seconds
[    0.747740] Initialise system trusted keyrings
[    0.748918] Key type blacklist registered
[    0.750054] workingset: timestamp_bits=36 max_order=18 bucket_order=0
[    0.752487] zbud: loaded
[    0.753600] squashfs: version 4.0 (2009/01/31) Phillip Lougher
[    0.755454] fuse init (API version 7.26)
[    0.758587] Key type asymmetric registered
[    0.759606] Asymmetric key parser 'x509' registered
[    0.761052] Block layer SCSI generic (bsg) driver version 0.4 loaded (major 246)
[    0.762938] io scheduler noop registered
[    0.764281] io scheduler deadline registered
[    0.765444] io scheduler cfq registered (default)
[    0.767052] ACPI: AC Adapter [AC] (off-line)
[    0.768153] input: Power Button as /devices/LNXSYSTM:00/LNXPWRBN:00/input/input0
[    0.770039] ACPI: Power Button [PWRF]
[    0.771039] input: Sleep Button as /devices/LNXSYSTM:00/LNXSLPBN:00/input/input1
[    0.773027] ACPI: Sleep Button [SLPF]
[    0.775319] ACPI: Battery Slot [BAT0] (battery present)
[    0.776195] Serial: 8250/16550 driver, 32 ports, IRQ sharing enabled
[    0.799011] 00:02: ttyS0 at I/O 0x3f8 (irq = 4, base_baud = 115200) is a 16550A
[    0.802320] Linux agpgart interface v0.103
[    0.804590] loop: module loaded
[    0.806165] scsi host0: ata_piix
[    0.807229] scsi host1: ata_piix
[    0.808081] ata1: PATA max UDMA/33 cmd 0x1f0 ctl 0x3f6 bmdma 0xd000 irq 14
[    0.810156] ata2: PATA max UDMA/33 cmd 0x170 ctl 0x376 bmdma 0xd008 irq 15
[    0.811854] libphy: Fixed MDIO Bus: probed
[    0.812975] tun: Universal TUN/TAP device driver, 1.6
[    0.814672] PPP generic driver version 2.4.2
[    0.815955] ehci_hcd: USB 2.0 'Enhanced' Host Controller (EHCI) Driver
[    0.817659] ehci-pci: EHCI PCI platform driver
[    0.818760] ehci-platform: EHCI generic platform driver
[    0.820018] ohci_hcd: USB 1.1 'Open' Host Controller (OHCI) Driver
[    0.821530] ohci-pci: OHCI PCI platform driver
[    0.822618] ohci-platform: OHCI generic platform driver
[    0.823868] uhci_hcd: USB Universal Host Controller Interface driver
[    0.825784] i8042: PNP: PS/2 Controller [PNP0303:PS2K,PNP0f03:PS2M] at 0x60,0x64 irq 1,12
[    0.828620] serio: i8042 KBD port at 0x60,0x64 irq 1
[    0.829889] serio: i8042 AUX port at 0x60,0x64 irq 12
[    0.831188] mousedev: PS/2 mouse device common for all mice
[    0.832877] input: AT Translated Set 2 keyboard as /devices/platform/i8042/serio0/input/input2
[    0.835399] rtc_cmos rtc_cmos: rtc core: registered rtc_cmos as rtc0
[    0.837141] rtc_cmos rtc_cmos: alarms up to one day, 114 bytes nvram
[    0.838908] i2c /dev entries driver
[    0.839843] device-mapper: uevent: version 1.0.3
[    0.841101] device-mapper: ioctl: 4.37.0-ioctl (2017-09-20) initialised: dm-devel@redhat.com
[    0.843238] ledtrig-cpu: registered to indicate activity on CPUs
[    0.845223] NET: Registered protocol family 10
[    0.849780] Segment Routing with IPv6
[    0.851027] NET: Registered protocol family 17
[    0.852294] Key type dns_resolver registered
[    0.853585] mce: Using 0 MCE banks
[    0.854815] RAS: Correctable Errors collector initialized.
[    0.856467] sched_clock: Marking stable (856432195, 0)->(1076130797, -219698602)
[    0.858967] registered taskstats version 1
[    0.860000] Loading compiled-in X.509 certificates
[    0.863751] Loaded X.509 cert 'Build time autogenerated kernel key: 1ac9abf9980c816fb9cfffb58ec8b2f33f2baf04'
[    0.866456] zswap: loaded using pool lzo/zbud
[    0.871886] Key type big_key registered
[    0.873088] Key type trusted registered
[    0.876330] Key type encrypted registered
[    0.877643] AppArmor: AppArmor sha1 policy hashing enabled
[    0.879248] ima: No TPM chip found, activating TPM-bypass! (rc=-19)
[    0.881294] ima: Allocated hash algorithm: sha1
[    0.882444] evm: HMAC attrs: 0x1
[    0.883612]   Magic number: 12:908:790
[    0.884773] rtc_cmos rtc_cmos: setting system clock to 2020-11-14 15:46:14 UTC (1605368774)
[    0.887442] BIOS EDD facility v0.16 2004-Jun-25, 0 devices found
[    0.889138] EDD information not available.
[    1.202514] Freeing unused kernel image memory: 2436K
[    1.216707] Write protecting the kernel read-only data: 20480k
[    1.219382] Freeing unused kernel image memory: 2008K
[    1.221295] Freeing unused kernel image memory: 1872K
[    1.230884] x86/mm: Checked W+X mappings: passed, no W+X pages found.
[    1.233098] x86/mm: Checking user space page tables
[    1.242282] x86/mm: Checked W+X mappings: passed, no W+X pages found.
Loading, please wait...
starting version 237
[    1.307348] e1000: Intel(R) PRO/1000 Network Driver - version 7.3.21-k8-NAPI
[    1.309615] e1000: Copyright (c) 1999-2006 Intel Corporation.
[    1.311748] Fusion MPT base driver 3.04.20
[    1.313024] Copyright (c) 1999-2008 LSI Corporation
[    1.325377] Fusion MPT SPI Host driver 3.04.20
[    1.329420] AVX2 version of gcm_enc/dec engaged.
[    1.330786] AES CTR mode by8 optimization enabled
[    1.527274] input: ImExPS/2 Generic Explorer Mouse as /devices/platform/i8042/serio1/input/input4
[    1.742872] e1000 0000:00:03.0 eth0: (PCI:33MHz:32-bit) 02:b0:7e:28:3d:e6
[    1.745178] e1000 0000:00:03.0 eth0: Intel(R) PRO/1000 Network Connection
[    1.749315] e1000 0000:00:03.0 enp0s3: renamed from eth0
[    1.751156] mptbase: ioc0: Initiating bringup
[    1.864458] ioc0: LSI53C1030 A0: Capabilities={Initiator}
[    2.108626] scsi host2: ioc0: LSI53C1030 A0, FwRev=00000000h, Ports=1, MaxQ=256, IRQ=20
[    2.280580] scsi 2:0:0:0: Direct-Access     VBOX     HARDDISK         1.0  PQ: 0 ANSI: 5
[    2.308342] scsi target2:0:0: Beginning Domain Validation
[    2.312459] scsi target2:0:0: Domain Validation skipping write tests
[    2.314160] scsi target2:0:0: Ending Domain Validation
[    2.316046] scsi target2:0:0: asynchronous
[    2.318019] scsi 2:0:1:0: Direct-Access     VBOX     HARDDISK         1.0  PQ: 0 ANSI: 5
[    2.348355] scsi target2:0:1: Beginning Domain Validation
[    2.351885] random: fast init done
[    2.354375] scsi target2:0:1: Domain Validation skipping write tests
[    2.356054] scsi target2:0:1: Ending Domain Validation
[    2.357587] scsi target2:0:1: asynchronous
[    2.364253] random: systemd-udevd: uninitialized urandom read (16 bytes read)
[    2.366173] sd 2:0:0:0: Attached scsi generic sg0 type 0
[    2.366177] random: systemd-udevd: uninitialized urandom read (16 bytes read)
[    2.369947] random: systemd-udevd: uninitialized urandom read (16 bytes read)
[    2.371961] sd 2:0:0:0: [sda] 20971520 512-byte logical blocks: (10.7 GB/10.0 GiB)
[    2.372256] sd 2:0:1:0: [sdb] 20480 512-byte logical blocks: (10.5 MB/10.0 MiB)
[    2.374432] sd 2:0:1:0: Attached scsi generic sg1 type 0
[    2.377146] sd 2:0:1:0: [sdb] Write Protect is off
[    2.378548] sd 2:0:0:0: [sda] Write Protect is off
[    2.381421] sd 2:0:1:0: [sdb] Incomplete mode parameter data
[    2.383072] sd 2:0:1:0: [sdb] Assuming drive cache: write through
[    2.383095] sd 2:0:0:0: [sda] Incomplete mode parameter data
[    2.386562] sd 2:0:0:0: [sda] Assuming drive cache: write through
[    2.392439]  sda: sda1
[    2.394323] sd 2:0:1:0: [sdb] Attached SCSI disk
[    2.395658] sd 2:0:0:0: [sda] Attached SCSI disk
Begin: Loading essential drivers ... [    3.804167] raid6: sse2x1   gen() 10895 MB/s
[    3.852086] raid6: sse2x1   xor()  8108 MB/s
[    3.900424] raid6: sse2x2   gen() 13780 MB/s
[    3.948312] raid6: sse2x2   xor()  9279 MB/s
[    3.996269] raid6: sse2x4   gen() 15564 MB/s
[    4.044303] raid6: sse2x4   xor()  9247 MB/s
[    4.092313] raid6: avx2x1   gen() 21308 MB/s
[    4.140327] raid6: avx2x1   xor() 14935 MB/s
[    4.188598] raid6: avx2x2   gen() 25535 MB/s
[    4.236300] raid6: avx2x2   xor() 16664 MB/s
[    4.284046] raid6: avx2x4   gen() 30280 MB/s
[    4.332570] raid6: avx2x4   xor() 18734 MB/s
[    4.334031] raid6: using algorithm avx2x4 gen() 30280 MB/s
[    4.335823] raid6: .... xor() 18734 MB/s, rmw enabled
[    4.337101] raid6: using avx2x2 recovery algorithm
[    4.339592] xor: automatically using best checksumming function   avx       
[    4.343093] async_tx: api initialized (async)
done.
Begin: Running /scripts/init-premount ... done.
Begin: Mounting root file system ... Begin: Running /scripts/local-top ... done.
Begin: Running /scripts/local-premount ... [    4.389906] Btrfs loaded, crc32c=crc32c-intel
Scanning for Btrfs filesystems
done.
Warning: fsck not present, so skipping root file system
[    4.426605] EXT4-fs (sda1): INFO: recovery required on readonly filesystem
[    4.428444] EXT4-fs (sda1): write access will be enabled during recovery
[    4.481785] EXT4-fs (sda1): recovery complete
[    4.483900] EXT4-fs (sda1): mounted filesystem with ordered data mode. Opts: (null)
done.
Begin: Running /scripts/local-bottom ... done.
Begin: Running /scripts/init-bottom ... done.
[    4.665788] ip_tables: (C) 2000-2006 Netfilter Core Team
[    4.674180] systemd[1]: systemd 237 running in system mode. (+PAM +AUDIT +SELINUX +IMA +APPARMOR +SMACK +SYSVINIT +UTMP +LIBCRYPTSETUP +GCRYPT +GNUTLS +ACL +XZ +LZ4 +SECCOMP +BLKID +ELFUTILS +KMOD -IDN2 +IDN -PCRE2 default-hierarchy=hybrid)
[    4.679277] systemd[1]: Detected virtualization oracle.
[    4.680611] systemd[1]: Detected architecture x86-64.

Welcome to [1mUbuntu 18.04.5 LTS[0m!

[    4.702156] systemd[1]: Set hostname to <ubuntu-bionic>.
[    4.989518] systemd[1]: Created slice System Slice.
[[0;32m  OK  [0m] Created slice System Slice.
[    4.991799] systemd[1]: Listening on Network Service Netlink Socket.
[[0;32m  OK  [0m] Listening on Network Service Netlink Socket.
[    4.994879] systemd[1]: Listening on Journal Socket (/dev/log).
[[0;32m  OK  [0m] Listening on Journal Socket (/dev/log).
[    4.997201] systemd[1]: Listening on Journal Socket.
[[0;32m  OK  [0m] Listening on Journal Socket.
[    5.000356] systemd[1]: Starting Set the console keyboard layout...
         Starting Set the console keyboard layout...
[    5.013520] systemd[1]: Starting Remount Root and Kernel File Systems...
         Starting Remount Root and Kernel File Systems...
[[0;32m  OK  [0m] Listening on Syslog Socket.
[[0;32m  OK  [0m] Created slice User and Session Slice.
[[0;32m  OK  [0m] Listening on LVM2 poll daemon socket.
[[0;32m  OK  [0m] Reached target System Time Synchronized.
[    5.047112] EXT4-fs (sda1): re-mounted. Opts: (null)
[[0;32m  OK  [0m] Created slice system-serial\x2dgetty.slice.
         Starting Load Kernel Modules...
[[0;32m  OK  [0m] Set up automount Arbitrary Executab…rmats File System Automount Point.
[[0;32m  OK  [0m] Listening on Device-mapper event daemon FIFOs.
         Starting Uncomplicated firewall...
[[0;32m  OK  [0m] Listening on /dev/initctl Compatibility Named Pipe.
         Mounting Kernel Debug File System...
[    5.080450] Loading iSCSI transport class v2.0-870.
[[0;32m  OK  [0m] Listening on udev Control Socket.
[[0;32m  OK  [0m] Listening on Journal Audit Socket.
         Starting Journal Service...
         Mounting POSIX Message Queue File System...
[    5.102144] iscsi: registered transport (tcp)
[[0;32m  OK  [0m] Started Forward Password Requests to Wall Directory Watch.
[[0;32m  OK  [0m] Reached target User and Group Name Lookups.
[[0;32m  OK  [0m] Listening on udev Kernel Socket.
         Starting udev Coldplug all Devices...
[[0;32m  OK  [0m] Reached target Slices.
[[0;32m  OK  [0m] Listening on LVM2 metadata daemon socket.
         Starting Monitoring of LVM2 mirrors…ng dmeventd or progress polling...
[[0;32m  OK  [0m] Reached target Swap.
         Mounting Huge Pages File System...
         Starting Create list of required st…ce nodes for the current kernel...
[[0;32m  OK  [0m] Started Remount Root and Kernel File Systems.
[[0;32m  OK  [0m] Started Set the console keyboard layout.
[[0;32m  OK  [0m] Started Journal Service.
[[0;32m  OK  [0m] Started Uncomplicated firewall.
[[0;32m  OK  [0m] Mounted Kernel Debug File System.
[    5.204452] iscsi: registered transport (iser)
[[0;32m  OK  [0m] Started Load Kernel Modules.
[[0;32m  OK  [0m] Mounted POSIX Message Queue File System.
[[0;32m  OK  [0m] Mounted Huge Pages File System.
[[0;32m  OK  [0m] Started Create list of required sta…vice nodes for the current kernel.
[[0;32m  OK  [0m] Started LVM2 metadata daemon.
         Starting Create Static Device Nodes in /dev...
         Mounting FUSE Control File System...
         Mounting Kernel Configuration File System...
         Starting Apply Kernel Variables...
         Starting Flush Journal to Persistent Storage...
         Starting Load/Save Random Seed...
[[0;32m  OK  [0m] Started udev Coldplug all Devices.
[[0;32m  OK  [0m] Started Create Static Device Nodes in /dev.
[[0;32m  OK  [0m] Mounted FUSE Control File System.
[[0;32m  OK  [0m] Mounted Kernel Configuration File System.
         Starting udev Kernel Device Manager...
[[0;32m  OK  [0m] Started Monitoring of LVM2 mirrors,…sing dmeventd or progress polling.
[[0;32m  OK  [0m] Reached target Local File Systems (Pre).
         Mounting /vagrant...
[[0;32m  OK  [0m] Reached target Local File Systems.
         Starting ebtables ruleset management...
         Starting AppArmor initialization...
         Starting Tell Plymouth To Write Out Runtime Data...
         Starting Set console font and keymap...
[[0;32m  OK  [0m] Started Apply Kernel Variables.
[[0;32m  OK  [0m] Started udev Kernel Device Manager.
[[0;32m  OK  [0m] Started Load/Save Random Seed.
[[0;32m  OK  [0m] Started Dispatch Password Requests to Console Directory Watch.
[[0;32m  OK  [0m] Reached target Local Encrypted Volumes.
[[0;32m  OK  [0m] Started Tell Plymouth To Write Out Runtime Data.
[[0;32m  OK  [0m] Started Set console font and keymap.
[[0;32m  OK  [0m] Mounted /vagrant.
[[0;32m  OK  [0m] Started Flush Journal to Persistent Storage.
         Starting Create Volatile Files and Directories...
[[0;32m  OK  [0m] Started Create Volatile Files and Directories.
         Starting Update UTMP about System Boot/Shutdown...
[[0;32m  OK  [0m] Started Update UTMP about System Boot/Shutdown.
[[0;32m  OK  [0m] Started ebtables ruleset management.
[[0;32m  OK  [0m] Found device /dev/ttyS0.
[[0;32m  OK  [0m] Listening on Load/Save RF Kill Switch Status /dev/rfkill Watch.
[[0;32m  OK  [0m] Started AppArmor initialization.
         Starting Initial cloud-init job (pre-networking)...
         Starting Load AppArmor profiles managed internally by snapd...
[[0;32m  OK  [0m] Started Load AppArmor profiles managed internally by snapd.
[    7.129102] cloud-init[560]: Cloud-init v. 20.3-2-g371b392c-0ubuntu1~18.04.1 running 'init-local' at Sat, 14 Nov 2020 15:46:20 +0000. Up 6.92 seconds.
[[0;32m  OK  [0m] Started Initial cloud-init job (pre-networking).
[[0;32m  OK  [0m] Reached target Network (Pre).
         Starting Network Service...
[[0;32m  OK  [0m] Started Network Service.
         Starting Wait for Network to be Configured...
         Starting Network Name Resolution...
[[0;32m  OK  [0m] Started Network Name Resolution.
[[0;32m  OK  [0m] Reached target Network.
[[0;32m  OK  [0m] Reached target Host and Network Name Lookups.
[[0;32m  OK  [0m] Started Wait for Network to be Configured.
         Starting Initial cloud-init job (metadata service crawler)...
[    9.454281] cloud-init[689]: Cloud-init v. 20.3-2-g371b392c-0ubuntu1~18.04.1 running 'init' at Sat, 14 Nov 2020 15:46:22 +0000. Up 9.29 seconds.
[    9.456742] cloud-init[689]: ci-info: ++++++++++++++++++++++++++++++++++++++Net device info++++++++++++++++++++++++++++++++++++++
[    9.458318] cloud-init[689]: ci-info: +--------+------+----------------------------+---------------+--------+-------------------+
[    9.460661] cloud-init[689]: ci-info: | Device |  Up  |          Address           |      Mask     | Scope  |     Hw-Address    |
[    9.463450] cloud-init[689]: ci-info: +--------+------+----------------------------+---------------+--------+-------------------+
[    9.472448] cloud-init[689]: ci-info: | enp0s3 | True |         10.0.2.15          | 255.255.255.0 | global | 02:b0:7e:28:3d:e6 |
[    9.474424] cloud-init[689]: ci-info: | enp0s3 | True | fe80::b0:7eff:fe28:3de6/64 |       .       |  link  | 02:b0:7e:28:3d:e6 |
[    9.477264] cloud-init[689]: ci-info: |   lo   | True |         127.0.0.1          |   255.0.0.0   |  host  |         .         |
[    9.480110] cloud-init[689]: ci-info: |   lo   | True |          ::1/128           |       .       |  host  |         .         |
[    9.482842] cloud-init[689]: ci-info: +--------+------+----------------------------+---------------+--------+-------------------+
[    9.485564] cloud-init[689]: ci-info: ++++++++++++++++++++++++++++Route IPv4 info+++++++++++++++++++++++++++++
[    9.487718] cloud-init[689]: ci-info: +-------+-------------+----------+-----------------+-----------+-------+
[    9.489133] cloud-init[689]: ci-info: | Route | Destination | Gateway  |     Genmask     | Interface | Flags |
[    9.490638] cloud-init[689]: ci-info: +-------+-------------+----------+-----------------+-----------+-------+
[    9.492845] cloud-init[689]: ci-info: |   0   |   0.0.0.0   | 10.0.2.2 |     0.0.0.0     |   enp0s3  |   UG  |
[    9.494930] cloud-init[689]: ci-info: |   1   |   10.0.2.0  | 0.0.0.0  |  255.255.255.0  |   enp0s3  |   U   |
[    9.496853] cloud-init[689]: ci-info: |   2   |   10.0.2.2  | 0.0.0.0  | 255.255.255.255 |   enp0s3  |   UH  |
[    9.509174] cloud-init[689]: ci-info: +-------+-------------+----------+-----------------+-----------+-------+
[    9.520877] cloud-init[689]: ci-info: +++++++++++++++++++Route IPv6 info+++++++++++++++++++
[    9.532278] cloud-init[689]: ci-info: +-------+-------------+---------+-----------+-------+
[    9.533749] cloud-init[689]: ci-info: | Route | Destination | Gateway | Interface | Flags |
[    9.536186] cloud-init[689]: ci-info: +-------+-------------+---------+-----------+-------+
[    9.538030] cloud-init[689]: ci-info: |   1   |  fe80::/64  |    ::   |   enp0s3  |   U   |
[    9.539992] cloud-init[689]: ci-info: |   3   |    local    |    ::   |   enp0s3  |   U   |
[    9.542151] cloud-init[689]: ci-info: |   4   |   ff00::/8  |    ::   |   enp0s3  |   U   |
[    9.544043] cloud-init[689]: ci-info: +-------+-------------+---------+-----------+-------+
[[0;32m  OK  [0m] Started Initial cloud-init job (metadata service crawler).
[[0;32m  OK  [0m] Reached target Network is Online.
[[0;32m  OK  [0m] Reached target Remote File Systems (Pre).
[[0;32m  OK  [0m] Reached target Remote File Systems.
         Starting Availability of block devices...
[[0;32m  OK  [0m] Reached target System Initialization.
[[0;32m  OK  [0m] Listening on UUID daemon activation socket.
[[0;32m  OK  [0m] Listening on Open-iSCSI iscsid Socket.
[[0;32m  OK  [0m] Started ACPI Events Check.
[[0;32m  OK  [0m] Listening on ACPID Listen Socket.
[[0;32m  OK  [0m] Reached target Paths.
[[0;32m  OK  [0m] Started Daily Cleanup of Temporary Directories.
[[0;32m  OK  [0m] Started Discard unused blocks once a week.
         Starting Socket activation for snappy daemon.
[[0;32m  OK  [0m] Listening on D-Bus System Message Bus Socket.
         Starting LXD - unix socket.
[[0;32m  OK  [0m] Started Daily apt download activities.
[[0;32m  OK  [0m] Started Daily apt upgrade and clean activities.
[[0;32m  OK  [0m] Started Message of the Day.
[[0;32m  OK  [0m] Reached target Timers.
[[0;32m  OK  [0m] Reached target Cloud-config availability.
[[0;32m  OK  [0m] Started Availability of block devices.
[[0;32m  OK  [0m] Listening on Socket activation for snappy daemon.
[[0;32m  OK  [0m] Listening on LXD - unix socket.
[[0;32m  OK  [0m] Reached target Sockets.
[[0;32m  OK  [0m] Reached target Basic System.
         Starting Dispatcher daemon for systemd-networkd...
[[0;32m  OK  [0m] Started Deferred execution scheduler.
         Starting Virtualbox guest utils...
         Starting LXD - container startup/shutdown...
[[0;32m  OK  [0m] Started FUSE filesystem for LXC.
         Starting Accounts Service...
[[0;32m  OK  [0m] Started irqbalance daemon.
         Starting Message of the Day...
         Starting Login Service...
[[0;32m  OK  [0m] Started D-Bus System Message Bus.
[[0;32m  OK  [0m] Started Regular background program processing daemon.
         Starting OpenBSD Secure Shell server...
         Starting System Logging Service...
         Starting LSB: Record successful boot for GRUB...
         Starting LSB: automatic crash report generation...
         Starting Permit User Sessions...
         Starting Snap Daemon...
[[0;32m  OK  [0m] Started Dispatcher daemon for systemd-networkd.
[[0;32m  OK  [0m] Started System Logging Service.
[[0;32m  OK  [0m] Started LXD - container startup/shutdown.
[[0;32m  OK  [0m] Started Permit User Sessions.
[[0;32m  OK  [0m] Started Login Service.
[[0;32m  OK  [0m] Started OpenBSD Secure Shell server.
         Starting Authorization Manager...
[[0;32m  OK  [0m] Started Unattended Upgrades Shutdown.
         Starting Terminate Plymouth Boot Screen...
         Starting Hold until boot process finishes up...
[[0;32m  OK  [0m] Started Hold until boot process finishes up.
[[0;32m  OK  [0m] Started Terminate Plymouth Boot Screen.
         Starting Set console scheme...
[[0;32m  OK  [0m] Started Serial Getty on ttyS0.
[[0;32m  OK  [0m] Started Authorization Manager.
[[0;32m  OK  [0m] Started Accounts Service.
[[0;32m  OK  [0m] Started Set console scheme.
[[0;32m  OK  [0m] Created slice system-getty.slice.
[[0;32m  OK  [0m] Started Getty on tty1.
[[0;32m  OK  [0m] Reached target Login Prompts.
[[0;32m  OK  [0m] Started LSB: Record successful boot for GRUB.
[[0;32m  OK  [0m] Started LSB: automatic crash report generation.
[[0;32m  OK  [0m] Started Virtualbox guest utils.
[[0;32m  OK  [0m] Started Snap Daemon.
         Starting Wait until snapd is fully seeded...
[[0;32m  OK  [0m] Started Wait until snapd is fully seeded.
         Starting Apply the settings specified in cloud-config...
[[0;32m  OK  [0m] Reached target Multi-User System.
[[0;32m  OK  [0m] Reached target Graphical Interface.
         Starting Update UTMP about System Runlevel Changes...
[[0;32m  OK  [0m] Started Update UTMP about System Runlevel Changes.
[[0;32m  OK  [0m] Created slice User Slice of vagrant.
         Starting User Manager for UID 1000...
[[0;32m  OK  [0m] Started Session 1 of user vagrant.
[[0;32m  OK  [0m] Started User Manager for UID 1000.
[[0;32m  OK  [0m] Started Message of the Day.
[   11.675618] cloud-init[1071]: Cloud-init v. 20.3-2-g371b392c-0ubuntu1~18.04.1 running 'modules:config' at Sat, 14 Nov 2020 15:46:25 +0000. Up 11.45 seconds.
[[0;32m  OK  [0m] Started Apply the settings specified in cloud-config.
         Starting Execute cloud user/final scripts...
[   12.334977] cloud-init[1188]: Cloud-init v. 20.3-2-g371b392c-0ubuntu1~18.04.1 running 'modules:final' at Sat, 14 Nov 2020 15:46:25 +0000. Up 12.21 seconds.
[   12.336411] cloud-init[1188]: Cloud-init v. 20.3-2-g371b392c-0ubuntu1~18.04.1 finished at Sat, 14 Nov 2020 15:46:25 +0000. Datasource DataSourceNoCloud [seed=/dev/sdb][dsmode=net].  Up 12.32 seconds
[[0;32m  OK  [0m] Started Execute cloud user/final scripts.
[[0;32m  OK  [0m] Reached target Cloud-init target.

Ubuntu 18.04.5 LTS ubuntu-bionic ttyS0

ubuntu-bionic login: 